<?xml version="1.0" encoding="UTF-8"?>
<testsuite xmlns:xsi="http://www.w3.org/2001/XMLSchema-instance" xsi:noNamespaceSchemaLocation="https://maven.apache.org/surefire/maven-surefire-plugin/xsd/surefire-test-report.xsd" name="domain.UserTest" time="0.505" tests="3" errors="0" skipped="0" failures="0">
  <properties>
[...]
</properties>
  <testcase name="testShouldFollowUser" classname="domain.UserTest" time="0.433"/>
  <testcase name="testUserCannotFollowItself" classname="domain.UserTest" time="0"/>
  <testcase name="testInitialization" classname="domain.UserTest" time="0.001"/>
</testsuite>